<?xml version="1.0" encoding="UTF-8"?>
<!-- Generated by org.testng.reporters.JUnitXMLReporter -->
<testsuite ignored="0" hostname="Asplap1163" failures="2" tests="20" name="test groups" time="119.067" errors="0" timestamp="2025-02-18T15:22:25 IST">
  <testcase classname="Task1.Automationpractise.CartTest" name="@AfterMethod screenshot" time="0.003">
    <failure type="java.lang.AssertionError" message="Test failed due to unexpected conditions">
      <![CDATA[java.lang.AssertionError: Test failed due to unexpected conditions
at org.testng.Assert.fail(Assert.java:99)
at Task1.Automationpractise.CartTest.screenshot(CartTest.java:182)
at java.base/jdk.internal.reflect.DirectMethodHandleAccessor.invoke(DirectMethodHandleAccessor.java:103)
at java.base/java.lang.reflect.Method.invoke(Method.java:580)
at org.testng.internal.MethodInvocationHelper.invokeMethod(MethodInvocationHelper.java:133)
at org.testng.internal.MethodInvocationHelper.invokeMethodConsideringTimeout(MethodInvocationHelper.java:62)
at org.testng.internal.ConfigInvoker.invokeConfigurationMethod(ConfigInvoker.java:385)
at org.testng.internal.ConfigInvoker.invokeConfigurations(ConfigInvoker.java:321)
at org.testng.internal.TestInvoker.runConfigMethods(TestInvoker.java:700)
at org.testng.internal.TestInvoker.runAfterGroupsConfigurations(TestInvoker.java:676)
at org.testng.internal.TestInvoker.invokeMethod(TestInvoker.java:660)
at org.testng.internal.TestInvoker.invokeTestMethod(TestInvoker.java:173)
at org.testng.internal.MethodRunner.runInSequence(MethodRunner.java:46)
at org.testng.internal.TestInvoker$MethodInvocationAgent.invoke(TestInvoker.java:824)
at org.testng.internal.TestInvoker.invokeTestMethods(TestInvoker.java:146)
at org.testng.internal.TestMethodWorker.invokeTestMethods(TestMethodWorker.java:146)
at org.testng.internal.TestMethodWorker.run(TestMethodWorker.java:128)
at java.base/java.util.ArrayList.forEach(ArrayList.java:1597)
at org.testng.TestRunner.privateRun(TestRunner.java:794)
at org.testng.TestRunner.run(TestRunner.java:596)
at org.testng.SuiteRunner.runTest(SuiteRunner.java:377)
at org.testng.SuiteRunner.runSequentially(SuiteRunner.java:371)
at org.testng.SuiteRunner.privateRun(SuiteRunner.java:332)
at org.testng.SuiteRunner.run(SuiteRunner.java:276)
at org.testng.SuiteRunnerWorker.runSuite(SuiteRunnerWorker.java:53)
at org.testng.SuiteRunnerWorker.run(SuiteRunnerWorker.java:96)
at org.testng.TestNG.runSuitesSequentially(TestNG.java:1212)
at org.testng.TestNG.runSuitesLocally(TestNG.java:1134)
at org.testng.TestNG.runSuites(TestNG.java:1063)
at org.testng.TestNG.run(TestNG.java:1031)
at org.testng.remote.AbstractRemoteTestNG.run(AbstractRemoteTestNG.java:115)
at org.testng.remote.RemoteTestNG.initAndRun(RemoteTestNG.java:293)
at org.testng.remote.RemoteTestNG.main(RemoteTestNG.java:91)
]]>
    </failure>
  </testcase> <!-- @AfterMethod screenshot -->
  <testcase classname="Task1.Automationpractise.CartTest" name="@BeforeMethod websitesetup" time="-1.739872271529E9">
    <skipped/>
  </testcase> <!-- @BeforeMethod websitesetup -->
  <testcase classname="Task1.Automationpractise.CartTest" name="@AfterMethod screenshot" time="-1.739872271535E9">
    <skipped/>
  </testcase> <!-- @AfterMethod screenshot -->
  <testcase classname="Task1.Automationpractise.CartTest" name="@BeforeMethod websitesetup" time="-1.739872271537E9">
    <skipped/>
  </testcase> <!-- @BeforeMethod websitesetup -->
  <testcase classname="Task1.Automationpractise.CartTest" name="@AfterMethod screenshot" time="-1.739872271543E9">
    <skipped/>
  </testcase> <!-- @AfterMethod screenshot -->
  <testcase classname="Task1.Automationpractise.CartTest" name="@AfterClass driverclose" time="-1.739872271547E9">
    <skipped/>
  </testcase> <!-- @AfterClass driverclose -->
  <testcase classname="Task1.Automationpractise.LoginTest1" name="@AfterMethod screenshot" time="0.071">
    <failure type="java.lang.AssertionError" message="Test failed due to unexpected conditions">
      <![CDATA[java.lang.AssertionError: Test failed due to unexpected conditions
at org.testng.Assert.fail(Assert.java:99)
at Task1.Automationpractise.LoginTest1.screenshot(LoginTest1.java:176)
at java.base/jdk.internal.reflect.DirectMethodHandleAccessor.invoke(DirectMethodHandleAccessor.java:103)
at java.base/java.lang.reflect.Method.invoke(Method.java:580)
at org.testng.internal.MethodInvocationHelper.invokeMethod(MethodInvocationHelper.java:133)
at org.testng.internal.MethodInvocationHelper.invokeMethodConsideringTimeout(MethodInvocationHelper.java:62)
at org.testng.internal.ConfigInvoker.invokeConfigurationMethod(ConfigInvoker.java:385)
at org.testng.internal.ConfigInvoker.invokeConfigurations(ConfigInvoker.java:321)
at org.testng.internal.TestInvoker.runConfigMethods(TestInvoker.java:700)
at org.testng.internal.TestInvoker.runAfterGroupsConfigurations(TestInvoker.java:676)
at org.testng.internal.TestInvoker.invokeMethod(TestInvoker.java:660)
at org.testng.internal.TestInvoker.invokeTestMethod(TestInvoker.java:173)
at org.testng.internal.MethodRunner.runInSequence(MethodRunner.java:46)
at org.testng.internal.TestInvoker$MethodInvocationAgent.invoke(TestInvoker.java:824)
at org.testng.internal.TestInvoker.invokeTestMethods(TestInvoker.java:146)
at org.testng.internal.TestMethodWorker.invokeTestMethods(TestMethodWorker.java:146)
at org.testng.internal.TestMethodWorker.run(TestMethodWorker.java:128)
at java.base/java.util.ArrayList.forEach(ArrayList.java:1597)
at org.testng.TestRunner.privateRun(TestRunner.java:794)
at org.testng.TestRunner.run(TestRunner.java:596)
at org.testng.SuiteRunner.runTest(SuiteRunner.java:377)
at org.testng.SuiteRunner.runSequentially(SuiteRunner.java:371)
at org.testng.SuiteRunner.privateRun(SuiteRunner.java:332)
at org.testng.SuiteRunner.run(SuiteRunner.java:276)
at org.testng.SuiteRunnerWorker.runSuite(SuiteRunnerWorker.java:53)
at org.testng.SuiteRunnerWorker.run(SuiteRunnerWorker.java:96)
at org.testng.TestNG.runSuitesSequentially(TestNG.java:1212)
at org.testng.TestNG.runSuitesLocally(TestNG.java:1134)
at org.testng.TestNG.runSuites(TestNG.java:1063)
at org.testng.TestNG.run(TestNG.java:1031)
at org.testng.remote.AbstractRemoteTestNG.run(AbstractRemoteTestNG.java:115)
at org.testng.remote.RemoteTestNG.initAndRun(RemoteTestNG.java:293)
at org.testng.remote.RemoteTestNG.main(RemoteTestNG.java:91)
]]>
    </failure>
  </testcase> <!-- @AfterMethod screenshot -->
  <testcase classname="Task1.Automationpractise.LoginTest1" name="@BeforeMethod websitesetup" time="-1.739872330413E9">
    <skipped/>
  </testcase> <!-- @BeforeMethod websitesetup -->
  <testcase classname="Task1.Automationpractise.LoginTest1" name="@AfterMethod screenshot" time="-1.739872330416E9">
    <skipped/>
  </testcase> <!-- @AfterMethod screenshot -->
  <testcase classname="Task1.Automationpractise.LoginTest1" name="@BeforeMethod websitesetup" time="-1.739872330416E9">
    <skipped/>
  </testcase> <!-- @BeforeMethod websitesetup -->
  <testcase classname="Task1.Automationpractise.LoginTest1" name="@AfterMethod screenshot" time="-1.739872330424E9">
    <skipped/>
  </testcase> <!-- @AfterMethod screenshot -->
  <testcase classname="Task1.Automationpractise.LoginTest1" name="@BeforeMethod websitesetup" time="-1.73987233043E9">
    <skipped/>
  </testcase> <!-- @BeforeMethod websitesetup -->
  <testcase classname="Task1.Automationpractise.LoginTest1" name="@AfterMethod screenshot" time="-1.739872330437E9">
    <skipped/>
  </testcase> <!-- @AfterMethod screenshot -->
  <testcase classname="Task1.Automationpractise.LoginTest1" name="@BeforeMethod websitesetup" time="-1.739872330441E9">
    <skipped/>
  </testcase> <!-- @BeforeMethod websitesetup -->
  <testcase classname="Task1.Automationpractise.LoginTest1" name="@AfterMethod screenshot" time="-1.73987233045E9">
    <skipped/>
  </testcase> <!-- @AfterMethod screenshot -->
  <testcase classname="Task1.Automationpractise.LoginTest1" name="@BeforeMethod websitesetup" time="-1.739872330452E9">
    <skipped/>
  </testcase> <!-- @BeforeMethod websitesetup -->
  <testcase classname="Task1.Automationpractise.LoginTest1" name="@AfterMethod screenshot" time="-1.739872330455E9">
    <skipped/>
  </testcase> <!-- @AfterMethod screenshot -->
  <testcase classname="Task1.Automationpractise.LoginTest1" name="@AfterClass driverclose" time="-1.73987233046E9">
    <skipped/>
  </testcase> <!-- @AfterClass driverclose -->
  <testcase classname="Task1.Automationpractise.AddToCartTest" name="addtocart01" time="11.129"/>
  <testcase classname="Task1.Automationpractise.CartTest" name="cart01" time="4.804">
    <failure type="org.openqa.selenium.remote.UnreachableBrowserException" message="Error communicating with the remote browser. It may have died.
Build info: version: &amp;apos;4.23.0&amp;apos;, revision: &amp;apos;4df0a231af&amp;apos;
System info: os.name: &amp;apos;Windows 10&amp;apos;, os.arch: &amp;apos;amd64&amp;apos;, os.version: &amp;apos;10.0&amp;apos;, java.version: &amp;apos;23.0.1&amp;apos;
Driver info: org.openqa.selenium.chrome.ChromeDriver
Command: [4afb76c8877b6c49fd19f015387cde07, findElement [using, value]]
Capabilities {acceptInsecureCerts: false, browserName: chrome, browserVersion: 133.0.6943.98, chrome: {chromedriverVersion: 133.0.6943.98 (da53563ceb66..., userDataDir: C:\Users\BALAMU~1.GUR\AppDa...}, fedcm:accounts: true, goog:chromeOptions: {debuggerAddress: localhost:56202}, networkConnectionEnabled: false, pageLoadStrategy: normal, platformName: windows, proxy: Proxy(), se:cdp: ws://localhost:56202/devtoo..., se:cdpVersion: 133.0.6943.98, setWindowRect: true, strictFileInteractability: false, timeouts: {implicit: 0, pageLoad: 300000, script: 30000}, unhandledPromptBehavior: dismiss and notify, webauthn:extension:credBlob: true, webauthn:extension:largeBlob: true, webauthn:extension:minPinLength: true, webauthn:extension:prf: true, webauthn:virtualAuthenticators: true}
Session ID: 4afb76c8877b6c49fd19f015387cde07">
      <![CDATA[org.openqa.selenium.remote.UnreachableBrowserException: Error communicating with the remote browser. It may have died.
Build info: version: '4.23.0', revision: '4df0a231af'
System info: os.name: 'Windows 10', os.arch: 'amd64', os.version: '10.0', java.version: '23.0.1'
Driver info: org.openqa.selenium.chrome.ChromeDriver
Command: [4afb76c8877b6c49fd19f015387cde07, findElement [using, value]]
Capabilities {acceptInsecureCerts: false, browserName: chrome, browserVersion: 133.0.6943.98, chrome: {chromedriverVersion: 133.0.6943.98 (da53563ceb66..., userDataDir: C:\Users\BALAMU~1.GUR\AppDa...}, fedcm:accounts: true, goog:chromeOptions: {debuggerAddress: localhost:56202}, networkConnectionEnabled: false, pageLoadStrategy: normal, platformName: windows, proxy: Proxy(), se:cdp: ws://localhost:56202/devtoo..., se:cdpVersion: 133.0.6943.98, setWindowRect: true, strictFileInteractability: false, timeouts: {implicit: 0, pageLoad: 300000, script: 30000}, unhandledPromptBehavior: dismiss and notify, webauthn:extension:credBlob: true, webauthn:extension:largeBlob: true, webauthn:extension:minPinLength: true, webauthn:extension:prf: true, webauthn:virtualAuthenticators: true}
Session ID: 4afb76c8877b6c49fd19f015387cde07
at org.openqa.selenium.remote.RemoteWebDriver.execute(RemoteWebDriver.java:554)
at org.openqa.selenium.remote.ElementLocation$ElementFinder$2.findElement(ElementLocation.java:165)
at org.openqa.selenium.remote.ElementLocation.findElement(ElementLocation.java:59)
at org.openqa.selenium.remote.RemoteWebDriver.findElement(RemoteWebDriver.java:357)
at org.openqa.selenium.remote.RemoteWebDriver.findElement(RemoteWebDriver.java:351)
at pages.Logout.logout(Logout.java:22)
at Task1.Automationpractise.CartTest.cart01(CartTest.java:77)
at java.base/jdk.internal.reflect.DirectMethodHandleAccessor.invoke(DirectMethodHandleAccessor.java:103)
at java.base/java.lang.reflect.Method.invoke(Method.java:580)
at org.testng.internal.MethodInvocationHelper.invokeMethod(MethodInvocationHelper.java:133)
at org.testng.internal.TestInvoker.invokeMethod(TestInvoker.java:598)
at org.testng.internal.TestInvoker.invokeTestMethod(TestInvoker.java:173)
at org.testng.internal.MethodRunner.runInSequence(MethodRunner.java:46)
at org.testng.internal.TestInvoker$MethodInvocationAgent.invoke(TestInvoker.java:824)
at org.testng.internal.TestInvoker.invokeTestMethods(TestInvoker.java:146)
at org.testng.internal.TestMethodWorker.invokeTestMethods(TestMethodWorker.java:146)
at org.testng.internal.TestMethodWorker.run(TestMethodWorker.java:128)
at java.base/java.util.ArrayList.forEach(ArrayList.java:1597)
at org.testng.TestRunner.privateRun(TestRunner.java:794)
at org.testng.TestRunner.run(TestRunner.java:596)
at org.testng.SuiteRunner.runTest(SuiteRunner.java:377)
at org.testng.SuiteRunner.runSequentially(SuiteRunner.java:371)
at org.testng.SuiteRunner.privateRun(SuiteRunner.java:332)
at org.testng.SuiteRunner.run(SuiteRunner.java:276)
at org.testng.SuiteRunnerWorker.runSuite(SuiteRunnerWorker.java:53)
at org.testng.SuiteRunnerWorker.run(SuiteRunnerWorker.java:96)
at org.testng.TestNG.runSuitesSequentially(TestNG.java:1212)
at org.testng.TestNG.runSuitesLocally(TestNG.java:1134)
at org.testng.TestNG.runSuites(TestNG.java:1063)
at org.testng.TestNG.run(TestNG.java:1031)
at org.testng.remote.AbstractRemoteTestNG.run(AbstractRemoteTestNG.java:115)
at org.testng.remote.RemoteTestNG.initAndRun(RemoteTestNG.java:293)
at org.testng.remote.RemoteTestNG.main(RemoteTestNG.java:91)
Caused by: java.io.UncheckedIOException: java.net.ConnectException
at org.openqa.selenium.remote.http.jdk.JdkHttpClient.execute0(JdkHttpClient.java:439)
at org.openqa.selenium.remote.http.AddSeleniumUserAgent.lambda$apply$0(AddSeleniumUserAgent.java:42)
at org.openqa.selenium.remote.http.Filter.lambda$andFinally$1(Filter.java:55)
at org.openqa.selenium.remote.http.jdk.JdkHttpClient.execute(JdkHttpClient.java:355)
at org.openqa.selenium.remote.HttpCommandExecutor.execute(HttpCommandExecutor.java:187)
at org.openqa.selenium.remote.service.DriverCommandExecutor.invokeExecute(DriverCommandExecutor.java:216)
at org.openqa.selenium.remote.service.DriverCommandExecutor.execute(DriverCommandExecutor.java:174)
at org.openqa.selenium.remote.RemoteWebDriver.execute(RemoteWebDriver.java:527)
... 32 more
Caused by: java.net.ConnectException
at java.net.http/jdk.internal.net.http.common.Utils.toConnectException(Utils.java:1082)
at java.net.http/jdk.internal.net.http.PlainHttpConnection.connectAsync(PlainHttpConnection.java:227)
at java.net.http/jdk.internal.net.http.PlainHttpConnection.checkRetryConnect(PlainHttpConnection.java:280)
at java.net.http/jdk.internal.net.http.PlainHttpConnection.lambda$connectAsync$2(PlainHttpConnection.java:238)
at java.base/java.util.concurrent.CompletableFuture.uniHandle(CompletableFuture.java:978)
at java.base/java.util.concurrent.CompletableFuture$UniHandle.tryFire(CompletableFuture.java:955)
at java.base/java.util.concurrent.CompletableFuture.postComplete(CompletableFuture.java:554)
at java.base/java.util.concurrent.CompletableFuture$AsyncSupply.run(CompletableFuture.java:1817)
at java.base/java.util.concurrent.ThreadPoolExecutor.runWorker(ThreadPoolExecutor.java:1144)
at java.base/java.util.concurrent.ThreadPoolExecutor$Worker.run(ThreadPoolExecutor.java:642)
at java.base/java.lang.Thread.run(Thread.java:1575)
Caused by: java.nio.channels.ClosedChannelException
at java.base/sun.nio.ch.SocketChannelImpl.ensureOpen(SocketChannelImpl.java:204)
at java.base/sun.nio.ch.SocketChannelImpl.connect(SocketChannelImpl.java:958)
at java.net.http/jdk.internal.net.http.PlainHttpConnection.lambda$connectAsync$1(PlainHttpConnection.java:210)
at java.base/java.security.AccessController.doPrivileged(AccessController.java:571)
at java.net.http/jdk.internal.net.http.PlainHttpConnection.connectAsync(PlainHttpConnection.java:212)
... 9 more
]]>
    </failure>
  </testcase> <!-- cart01 -->
  <testcase classname="Task1.Automationpractise.CartTest" name="cart02" time="0.0">
    <skipped/>
  </testcase> <!-- cart02 -->
  <testcase classname="Task1.Automationpractise.CartTest" name="cart03" time="0.0">
    <skipped/>
  </testcase> <!-- cart03 -->
  <testcase classname="Task1.Automationpractise.SearchTest" name="search01" time="9.384"/>
  <testcase classname="Task1.Automationpractise.SearchTest" name="search02" time="8.789"/>
  <testcase classname="Task1.Automationpractise.SearchTest" name="search03" time="6.168"/>
  <testcase classname="Task1.Automationpractise.SearchTest" name="search04" time="7.061"/>
  <testcase classname="Task1.Automationpractise.SearchTest" name="search05" time="1.641"/>
  <testcase classname="Task1.Automationpractise.LoginTest1" name="logintest01" time="2.267">
    <failure type="java.lang.AssertionError" message="Test failed due to unexpected conditions">
      <![CDATA[java.lang.AssertionError: Test failed due to unexpected conditions
at org.testng.Assert.fail(Assert.java:99)
at Task1.Automationpractise.LoginTest1.logintest01(LoginTest1.java:74)
at java.base/jdk.internal.reflect.DirectMethodHandleAccessor.invoke(DirectMethodHandleAccessor.java:103)
at java.base/java.lang.reflect.Method.invoke(Method.java:580)
at org.testng.internal.MethodInvocationHelper.invokeMethod(MethodInvocationHelper.java:133)
at org.testng.internal.TestInvoker.invokeMethod(TestInvoker.java:598)
at org.testng.internal.TestInvoker.invokeTestMethod(TestInvoker.java:173)
at org.testng.internal.MethodRunner.runInSequence(MethodRunner.java:46)
at org.testng.internal.TestInvoker$MethodInvocationAgent.invoke(TestInvoker.java:824)
at org.testng.internal.TestInvoker.invokeTestMethods(TestInvoker.java:146)
at org.testng.internal.TestMethodWorker.invokeTestMethods(TestMethodWorker.java:146)
at org.testng.internal.TestMethodWorker.run(TestMethodWorker.java:128)
at java.base/java.util.ArrayList.forEach(ArrayList.java:1597)
at org.testng.TestRunner.privateRun(TestRunner.java:794)
at org.testng.TestRunner.run(TestRunner.java:596)
at org.testng.SuiteRunner.runTest(SuiteRunner.java:377)
at org.testng.SuiteRunner.runSequentially(SuiteRunner.java:371)
at org.testng.SuiteRunner.privateRun(SuiteRunner.java:332)
at org.testng.SuiteRunner.run(SuiteRunner.java:276)
at org.testng.SuiteRunnerWorker.runSuite(SuiteRunnerWorker.java:53)
at org.testng.SuiteRunnerWorker.run(SuiteRunnerWorker.java:96)
at org.testng.TestNG.runSuitesSequentially(TestNG.java:1212)
at org.testng.TestNG.runSuitesLocally(TestNG.java:1134)
at org.testng.TestNG.runSuites(TestNG.java:1063)
at org.testng.TestNG.run(TestNG.java:1031)
at org.testng.remote.AbstractRemoteTestNG.run(AbstractRemoteTestNG.java:115)
at org.testng.remote.RemoteTestNG.initAndRun(RemoteTestNG.java:293)
at org.testng.remote.RemoteTestNG.main(RemoteTestNG.java:91)
]]>
    </failure>
  </testcase> <!-- logintest01 -->
  <testcase classname="Task1.Automationpractise.LoginTest1" name="logintest02" time="0.0">
    <skipped/>
  </testcase> <!-- logintest02 -->
  <testcase classname="Task1.Automationpractise.LoginTest1" name="logintest03" time="0.0">
    <skipped/>
  </testcase> <!-- logintest03 -->
  <testcase classname="Task1.Automationpractise.LoginTest1" name="logintest04" time="0.0">
    <skipped/>
  </testcase> <!-- logintest04 -->
  <testcase classname="Task1.Automationpractise.LoginTest1" name="logintest05" time="0.0">
    <skipped/>
  </testcase> <!-- logintest05 -->
  <testcase classname="Task1.Automationpractise.LoginTest1" name="logintest06" time="0.0">
    <skipped/>
  </testcase> <!-- logintest06 -->
  <testcase classname="Task1.Automationpractise.LoginTest2" name="logintest01" time="1.333"/>
  <testcase classname="Task1.Automationpractise.LoginTest2" name="logintest02" time="0.665"/>
  <testcase classname="Task1.Automationpractise.RegisterTest" name="register01" time="2.084"/>
  <testcase classname="Task1.Automationpractise.RegisterTest" name="register02" time="0.602"/>
  <testcase classname="Task1.Automationpractise.RegisterTest" name="regiter03" time="0.911"/>
</testsuite> <!-- test groups -->
