<?xml version="1.0" encoding="UTF-8"?>
<!-- Generated by org.testng.reporters.JUnitXMLReporter -->
<testsuite ignored="0" hostname="Asplap1163" failures="0" tests="5" name="Default test" time="35.569" errors="0" timestamp="2025-02-18T15:43:30 IST">
  <testcase classname="Task1.Automationpractise.SearchTest" name="search01" time="5.123"/>
  <testcase classname="Task1.Automationpractise.SearchTest" name="search02" time="4.885"/>
  <testcase classname="Task1.Automationpractise.SearchTest" name="search03" time="4.975"/>
  <testcase classname="Task1.Automationpractise.SearchTest" name="search04" time="7.541"/>
  <testcase classname="Task1.Automationpractise.SearchTest" name="search05" time="1.367"/>
</testsuite> <!-- Default test -->
