<?xml version="1.0" encoding="UTF-8"?>
<!-- Generated by org.testng.reporters.JUnitReportReporter -->
<testsuite hostname="Asplap1163" failures="0" tests="6" name="Task1.Automationpractise.LoginTest1" time="13.716" errors="0" timestamp="2025-02-18T15:31:00 IST" skipped="0">
  <testcase classname="Task1.Automationpractise.LoginTest1" name="logintest01" time="4.435"/>
  <system-out/>
  <testcase classname="Task1.Automationpractise.LoginTest1" name="logintest02" time="1.514"/>
  <system-out/>
  <testcase classname="Task1.Automationpractise.LoginTest1" name="logintest04" time="1.868"/>
  <system-out/>
  <testcase classname="Task1.Automationpractise.LoginTest1" name="logintest03" time="1.400"/>
  <system-out/>
  <testcase classname="Task1.Automationpractise.LoginTest1" name="logintest05" time="2.095"/>
  <system-out/>
  <testcase classname="Task1.Automationpractise.LoginTest1" name="logintest06" time="2.404"/>
  <system-out/>
</testsuite> <!-- Task1.Automationpractise.LoginTest1 -->
