<?xml version="1.0" encoding="UTF-8"?>
<!-- Generated by org.testng.reporters.JUnitReportReporter -->
<testsuite hostname="Asplap1163" failures="0" tests="3" name="Task1.Automationpractise.RegisterTest" time="7.779" errors="0" timestamp="2025-02-18T15:34:42 IST" skipped="0">
  <testcase classname="Task1.Automationpractise.RegisterTest" name="register01" time="2.518"/>
  <system-out/>
  <testcase classname="Task1.Automationpractise.RegisterTest" name="register02" time="1.698"/>
  <system-out/>
  <testcase classname="Task1.Automationpractise.RegisterTest" name="regiter03" time="3.563"/>
  <system-out/>
</testsuite> <!-- Task1.Automationpractise.RegisterTest -->
