<?xml version="1.0" encoding="UTF-8"?>
<!-- Generated by org.testng.reporters.JUnitReportReporter -->
<testsuite hostname="Asplap1163" failures="0" tests="2" name="Task1.Automationpractise.LoginTest2" time="5.653" errors="0" timestamp="2025-02-18T15:30:00 IST" skipped="0">
  <testcase classname="Task1.Automationpractise.LoginTest2" name="logintest01" time="3.485"/>
  <system-out/>
  <testcase classname="Task1.Automationpractise.LoginTest2" name="logintest02" time="2.168"/>
  <system-out/>
</testsuite> <!-- Task1.Automationpractise.LoginTest2 -->
