<?xml version="1.0" encoding="UTF-8"?>
<!-- Generated by org.testng.reporters.JUnitReportReporter -->
<testsuite hostname="Asplap1163" failures="0" tests="3" name="Task1.Automationpractise.CartTest" time="20.905" errors="0" timestamp="2025-02-18T15:31:54 IST" skipped="0">
  <testcase classname="Task1.Automationpractise.CartTest" name="cart01" time="4.634"/>
  <system-out/>
  <testcase classname="Task1.Automationpractise.CartTest" name="cart03" time="7.968"/>
  <system-out/>
  <testcase classname="Task1.Automationpractise.CartTest" name="cart02" time="8.303"/>
  <system-out/>
</testsuite> <!-- Task1.Automationpractise.CartTest -->
