<?xml version="1.0" encoding="UTF-8"?>
<!-- Generated by org.testng.reporters.JUnitReportReporter -->
<testsuite hostname="Asplap1163" failures="0" tests="5" name="Task1.Automationpractise.SearchTest" time="33.180" errors="0" timestamp="2025-02-18T15:43:31 IST" skipped="0">
  <testcase classname="Task1.Automationpractise.SearchTest" name="search01" time="6.247"/>
  <system-out/>
  <testcase classname="Task1.Automationpractise.SearchTest" name="search02" time="6.145"/>
  <system-out/>
  <testcase classname="Task1.Automationpractise.SearchTest" name="search03" time="6.854"/>
  <system-out/>
  <testcase classname="Task1.Automationpractise.SearchTest" name="search04" time="10.678"/>
  <system-out/>
  <testcase classname="Task1.Automationpractise.SearchTest" name="search05" time="3.256"/>
  <system-out/>
</testsuite> <!-- Task1.Automationpractise.SearchTest -->
