<?xml version="1.0" encoding="UTF-8"?>
<!-- Generated by org.testng.reporters.JUnitReportReporter -->
<testsuite hostname="Asplap1163" failures="1" tests="21" name="Task1.Automationpractise.PoorvikaWebsiteTesting" time="7.308" errors="1" timestamp="2025-02-18T11:58:19 IST" skipped="19">
  <testcase classname="Task1.Automationpractise.PoorvikaWebsiteTesting" name="addtocart1" time="7.190">
    <failure message="Test failed due to unexpected conditions" type="java.lang.AssertionError">
      <![CDATA[java.lang.AssertionError: Test failed due to unexpected conditions
at org.testng.Assert.fail(Assert.java:99)
at Task1.Automationpractise.PoorvikaWebsiteTesting.addtocart1(PoorvikaWebsiteTesting.java:668)
at java.base/jdk.internal.reflect.DirectMethodHandleAccessor.invoke(DirectMethodHandleAccessor.java:103)
at java.base/java.lang.reflect.Method.invoke(Method.java:580)
at org.testng.internal.MethodInvocationHelper.invokeMethod(MethodInvocationHelper.java:133)
at org.testng.internal.TestInvoker.invokeMethod(TestInvoker.java:598)
at org.testng.internal.TestInvoker.invokeTestMethod(TestInvoker.java:173)
at org.testng.internal.MethodRunner.runInSequence(MethodRunner.java:46)
at org.testng.internal.TestInvoker$MethodInvocationAgent.invoke(TestInvoker.java:824)
at org.testng.internal.TestInvoker.invokeTestMethods(TestInvoker.java:146)
at org.testng.internal.TestMethodWorker.invokeTestMethods(TestMethodWorker.java:146)
at org.testng.internal.TestMethodWorker.run(TestMethodWorker.java:128)
at java.base/java.util.ArrayList.forEach(ArrayList.java:1597)
at org.testng.TestRunner.privateRun(TestRunner.java:794)
at org.testng.TestRunner.run(TestRunner.java:596)
at org.testng.SuiteRunner.runTest(SuiteRunner.java:377)
at org.testng.SuiteRunner.runSequentially(SuiteRunner.java:371)
at org.testng.SuiteRunner.privateRun(SuiteRunner.java:332)
at org.testng.SuiteRunner.run(SuiteRunner.java:276)
at org.testng.SuiteRunnerWorker.runSuite(SuiteRunnerWorker.java:53)
at org.testng.SuiteRunnerWorker.run(SuiteRunnerWorker.java:96)
at org.testng.TestNG.runSuitesSequentially(TestNG.java:1212)
at org.testng.TestNG.runSuitesLocally(TestNG.java:1134)
at org.testng.TestNG.runSuites(TestNG.java:1063)
at org.testng.TestNG.run(TestNG.java:1031)
at org.testng.remote.AbstractRemoteTestNG.run(AbstractRemoteTestNG.java:115)
at org.testng.remote.RemoteTestNG.initAndRun(RemoteTestNG.java:293)
at org.testng.remote.RemoteTestNG.main(RemoteTestNG.java:91)
]]>
    </failure>
  </testcase> <!-- addtocart1 -->
  <system-out/>
  <testcase classname="Task1.Automationpractise.PoorvikaWebsiteTesting" name="register1" time="0.000">
    <skipped/>
  </testcase> <!-- register1 -->
  <system-out/>
  <testcase classname="Task1.Automationpractise.PoorvikaWebsiteTesting" name="searchtest1" time="0.000">
    <skipped/>
  </testcase> <!-- searchtest1 -->
  <system-out/>
  <testcase classname="Task1.Automationpractise.PoorvikaWebsiteTesting" name="cart2" time="0.000">
    <skipped/>
  </testcase> <!-- cart2 -->
  <system-out/>
  <testcase classname="Task1.Automationpractise.PoorvikaWebsiteTesting" name="logintest1" time="0.000">
    <skipped/>
  </testcase> <!-- logintest1 -->
  <system-out/>
  <testcase classname="Task1.Automationpractise.PoorvikaWebsiteTesting" name="testscreenshot" time="0.118">
    <error message="invalid session id
Build info: version: &#039;4.23.0&#039;, revision: &#039;4df0a231af&#039;
System info: os.name: &#039;Windows 10&#039;, os.arch: &#039;amd64&#039;, os.version: &#039;10.0&#039;, java.version: &#039;23.0.1&#039;
Driver info: org.openqa.selenium.chrome.ChromeDriver
Command: [785647a43f8b37ade88328d80176df21, screenshot {}]
Capabilities {acceptInsecureCerts: false, browserName: chrome, browserVersion: 133.0.6943.98, chrome: {chromedriverVersion: 133.0.6943.98 (da53563ceb66..., userDataDir: C:\Users\BALAMU~1.GUR\AppDa...}, fedcm:accounts: true, goog:chromeOptions: {debuggerAddress: localhost:62632}, networkConnectionEnabled: false, pageLoadStrategy: normal, platformName: windows, proxy: Proxy(), se:cdp: ws://localhost:62632/devtoo..., se:cdpVersion: 133.0.6943.98, setWindowRect: true, strictFileInteractability: false, timeouts: {implicit: 0, pageLoad: 300000, script: 30000}, unhandledPromptBehavior: dismiss and notify, webauthn:extension:credBlob: true, webauthn:extension:largeBlob: true, webauthn:extension:minPinLength: true, webauthn:extension:prf: true, webauthn:virtualAuthenticators: true}
Session ID: 785647a43f8b37ade88328d80176df21" type="org.openqa.selenium.NoSuchSessionException">
      <![CDATA[org.openqa.selenium.NoSuchSessionException: invalid session id
Build info: version: '4.23.0', revision: '4df0a231af'
System info: os.name: 'Windows 10', os.arch: 'amd64', os.version: '10.0', java.version: '23.0.1'
Driver info: org.openqa.selenium.chrome.ChromeDriver
Command: [785647a43f8b37ade88328d80176df21, screenshot {}]
Capabilities {acceptInsecureCerts: false, browserName: chrome, browserVersion: 133.0.6943.98, chrome: {chromedriverVersion: 133.0.6943.98 (da53563ceb66..., userDataDir: C:\Users\BALAMU~1.GUR\AppDa...}, fedcm:accounts: true, goog:chromeOptions: {debuggerAddress: localhost:62632}, networkConnectionEnabled: false, pageLoadStrategy: normal, platformName: windows, proxy: Proxy(), se:cdp: ws://localhost:62632/devtoo..., se:cdpVersion: 133.0.6943.98, setWindowRect: true, strictFileInteractability: false, timeouts: {implicit: 0, pageLoad: 300000, script: 30000}, unhandledPromptBehavior: dismiss and notify, webauthn:extension:credBlob: true, webauthn:extension:largeBlob: true, webauthn:extension:minPinLength: true, webauthn:extension:prf: true, webauthn:virtualAuthenticators: true}
Session ID: 785647a43f8b37ade88328d80176df21
at java.base/jdk.internal.reflect.DirectConstructorHandleAccessor.newInstance(DirectConstructorHandleAccessor.java:62)
at java.base/java.lang.reflect.Constructor.newInstanceWithCaller(Constructor.java:501)
at java.base/java.lang.reflect.Constructor.newInstance(Constructor.java:485)
at org.openqa.selenium.remote.ErrorCodec.decode(ErrorCodec.java:167)
at org.openqa.selenium.remote.codec.w3c.W3CHttpResponseCodec.decode(W3CHttpResponseCodec.java:138)
at org.openqa.selenium.remote.codec.w3c.W3CHttpResponseCodec.decode(W3CHttpResponseCodec.java:50)
at org.openqa.selenium.remote.HttpCommandExecutor.execute(HttpCommandExecutor.java:190)
at org.openqa.selenium.remote.service.DriverCommandExecutor.invokeExecute(DriverCommandExecutor.java:216)
at org.openqa.selenium.remote.service.DriverCommandExecutor.execute(DriverCommandExecutor.java:174)
at org.openqa.selenium.remote.RemoteWebDriver.execute(RemoteWebDriver.java:527)
at org.openqa.selenium.remote.RemoteWebDriver.execute(RemoteWebDriver.java:600)
at org.openqa.selenium.remote.RemoteWebDriver.execute(RemoteWebDriver.java:604)
at org.openqa.selenium.remote.RemoteWebDriver.getScreenshotAs(RemoteWebDriver.java:323)
at Task1.Automationpractise.PoorvikaWebsiteTesting.testscreenshot(PoorvikaWebsiteTesting.java:818)
at java.base/jdk.internal.reflect.DirectMethodHandleAccessor.invoke(DirectMethodHandleAccessor.java:103)
at java.base/java.lang.reflect.Method.invoke(Method.java:580)
at org.testng.internal.MethodInvocationHelper.invokeMethod(MethodInvocationHelper.java:133)
at org.testng.internal.MethodInvocationHelper.invokeMethodConsideringTimeout(MethodInvocationHelper.java:62)
at org.testng.internal.ConfigInvoker.invokeConfigurationMethod(ConfigInvoker.java:385)
at org.testng.internal.ConfigInvoker.invokeConfigurations(ConfigInvoker.java:321)
at org.testng.internal.TestInvoker.runConfigMethods(TestInvoker.java:700)
at org.testng.internal.TestInvoker.runAfterGroupsConfigurations(TestInvoker.java:676)
at org.testng.internal.TestInvoker.invokeMethod(TestInvoker.java:660)
at org.testng.internal.TestInvoker.invokeTestMethod(TestInvoker.java:173)
at org.testng.internal.MethodRunner.runInSequence(MethodRunner.java:46)
at org.testng.internal.TestInvoker$MethodInvocationAgent.invoke(TestInvoker.java:824)
at org.testng.internal.TestInvoker.invokeTestMethods(TestInvoker.java:146)
at org.testng.internal.TestMethodWorker.invokeTestMethods(TestMethodWorker.java:146)
at org.testng.internal.TestMethodWorker.run(TestMethodWorker.java:128)
at java.base/java.util.ArrayList.forEach(ArrayList.java:1597)
at org.testng.TestRunner.privateRun(TestRunner.java:794)
at org.testng.TestRunner.run(TestRunner.java:596)
at org.testng.SuiteRunner.runTest(SuiteRunner.java:377)
at org.testng.SuiteRunner.runSequentially(SuiteRunner.java:371)
at org.testng.SuiteRunner.privateRun(SuiteRunner.java:332)
at org.testng.SuiteRunner.run(SuiteRunner.java:276)
at org.testng.SuiteRunnerWorker.runSuite(SuiteRunnerWorker.java:53)
at org.testng.SuiteRunnerWorker.run(SuiteRunnerWorker.java:96)
at org.testng.TestNG.runSuitesSequentially(TestNG.java:1212)
at org.testng.TestNG.runSuitesLocally(TestNG.java:1134)
at org.testng.TestNG.runSuites(TestNG.java:1063)
at org.testng.TestNG.run(TestNG.java:1031)
at org.testng.remote.AbstractRemoteTestNG.run(AbstractRemoteTestNG.java:115)
at org.testng.remote.RemoteTestNG.initAndRun(RemoteTestNG.java:293)
at org.testng.remote.RemoteTestNG.main(RemoteTestNG.java:91)
]]>
    </error>
  </testcase> <!-- testscreenshot -->
  <system-out/>
  <testcase classname="Task1.Automationpractise.PoorvikaWebsiteTesting" name="searchtest2" time="0.000">
    <skipped/>
  </testcase> <!-- searchtest2 -->
  <system-out/>
  <testcase classname="Task1.Automationpractise.PoorvikaWebsiteTesting" name="cart3" time="0.000">
    <skipped/>
  </testcase> <!-- cart3 -->
  <system-out/>
  <testcase classname="Task1.Automationpractise.PoorvikaWebsiteTesting" name="register2" time="0.000">
    <skipped/>
  </testcase> <!-- register2 -->
  <system-out/>
  <testcase classname="Task1.Automationpractise.PoorvikaWebsiteTesting" name="logintest8" time="0.000">
    <skipped/>
  </testcase> <!-- logintest8 -->
  <system-out/>
  <testcase classname="Task1.Automationpractise.PoorvikaWebsiteTesting" name="logintest3" time="0.000">
    <skipped/>
  </testcase> <!-- logintest3 -->
  <system-out/>
  <testcase classname="Task1.Automationpractise.PoorvikaWebsiteTesting" name="searchtest3" time="0.000">
    <skipped/>
  </testcase> <!-- searchtest3 -->
  <system-out/>
  <testcase classname="Task1.Automationpractise.PoorvikaWebsiteTesting" name="logintest4" time="0.000">
    <skipped/>
  </testcase> <!-- logintest4 -->
  <system-out/>
  <testcase classname="Task1.Automationpractise.PoorvikaWebsiteTesting" name="cart1" time="0.000">
    <skipped/>
  </testcase> <!-- cart1 -->
  <system-out/>
  <testcase classname="Task1.Automationpractise.PoorvikaWebsiteTesting" name="register3" time="0.000">
    <skipped/>
  </testcase> <!-- register3 -->
  <system-out/>
  <testcase classname="Task1.Automationpractise.PoorvikaWebsiteTesting" name="logintest5" time="0.000">
    <skipped/>
  </testcase> <!-- logintest5 -->
  <system-out/>
  <testcase classname="Task1.Automationpractise.PoorvikaWebsiteTesting" name="searchtest4" time="0.000">
    <skipped/>
  </testcase> <!-- searchtest4 -->
  <system-out/>
  <testcase classname="Task1.Automationpractise.PoorvikaWebsiteTesting" name="searchtest5" time="0.000">
    <skipped/>
  </testcase> <!-- searchtest5 -->
  <system-out/>
  <testcase classname="Task1.Automationpractise.PoorvikaWebsiteTesting" name="logintest6" time="0.000">
    <skipped/>
  </testcase> <!-- logintest6 -->
  <system-out/>
  <testcase classname="Task1.Automationpractise.PoorvikaWebsiteTesting" name="logintest7" time="0.000">
    <skipped/>
  </testcase> <!-- logintest7 -->
  <system-out/>
  <testcase classname="Task1.Automationpractise.PoorvikaWebsiteTesting" name="logintest2" time="0.000">
    <skipped/>
  </testcase> <!-- logintest2 -->
  <system-out/>
</testsuite> <!-- Task1.Automationpractise.PoorvikaWebsiteTesting -->
