<?xml version="1.0" encoding="UTF-8"?>
<testng-results ignored="0" total="5" passed="5" failed="0" skipped="0">
  <reporter-output>
  </reporter-output>
  <suite started-at="2025-02-18T15:42:55 IST" name="Default suite" finished-at="2025-02-18T15:43:30 IST" duration-ms="35569">
    <groups>
      <group name="search">
        <method signature="SearchTest.search01()[pri:0, instance:Task1.Automationpractise.SearchTest@51891008]" name="search01" class="Task1.Automationpractise.SearchTest"/>
        <method signature="SearchTest.search02()[pri:1, instance:Task1.Automationpractise.SearchTest@51891008]" name="search02" class="Task1.Automationpractise.SearchTest"/>
        <method signature="SearchTest.search03()[pri:2, instance:Task1.Automationpractise.SearchTest@51891008]" name="search03" class="Task1.Automationpractise.SearchTest"/>
        <method signature="SearchTest.search04()[pri:3, instance:Task1.Automationpractise.SearchTest@51891008]" name="search04" class="Task1.Automationpractise.SearchTest"/>
        <method signature="SearchTest.search05()[pri:4, instance:Task1.Automationpractise.SearchTest@51891008]" name="search05" class="Task1.Automationpractise.SearchTest"/>
      </group> <!-- search -->
    </groups>
    <test started-at="2025-02-18T15:42:55 IST" name="Default test" finished-at="2025-02-18T15:43:30 IST" duration-ms="35569">
      <class name="Task1.Automationpractise.SearchTest">
        <test-method is-config="true" signature="driversetup()[pri:0, instance:Task1.Automationpractise.SearchTest@51891008]" started-at="2025-02-18T15:42:55 IST" name="driversetup" finished-at="2025-02-18T15:42:57 IST" duration-ms="1974" status="PASS">
          <reporter-output>
          </reporter-output>
        </test-method> <!-- driversetup -->
        <test-method is-config="true" signature="websitesetup()[pri:0, instance:Task1.Automationpractise.SearchTest@51891008]" started-at="2025-02-18T15:42:57 IST" name="websitesetup" finished-at="2025-02-18T15:42:59 IST" duration-ms="2260" status="PASS">
          <reporter-output>
          </reporter-output>
        </test-method> <!-- websitesetup -->
        <test-method signature="search01()[pri:0, instance:Task1.Automationpractise.SearchTest@51891008]" started-at="2025-02-18T15:42:59 IST" name="search01" description="search with product" finished-at="2025-02-18T15:43:04 IST" duration-ms="5123" status="PASS">
          <reporter-output>
          </reporter-output>
        </test-method> <!-- search01 -->
        <test-method is-config="true" signature="screenshot(org.testng.ITestResult)[pri:0, instance:Task1.Automationpractise.SearchTest@51891008]" started-at="2025-02-18T15:43:04 IST" name="screenshot" finished-at="2025-02-18T15:43:05 IST" duration-ms="1031" status="PASS">
          <params>
            <param index="0">
              <value>
                <![CDATA[[TestResult name=search01 status=SUCCESS method=SearchTest.search01()[pri:0, instance:Task1.Automationpractise.SearchTest@51891008] output={null}]]]>
              </value>
            </param>
          </params>
          <reporter-output>
          </reporter-output>
        </test-method> <!-- screenshot -->
        <test-method is-config="true" signature="websitesetup()[pri:0, instance:Task1.Automationpractise.SearchTest@51891008]" started-at="2025-02-18T15:43:05 IST" name="websitesetup" finished-at="2025-02-18T15:43:06 IST" duration-ms="921" status="PASS">
          <reporter-output>
          </reporter-output>
        </test-method> <!-- websitesetup -->
        <test-method signature="search02()[pri:1, instance:Task1.Automationpractise.SearchTest@51891008]" started-at="2025-02-18T15:43:06 IST" name="search02" description="search with price filter" finished-at="2025-02-18T15:43:11 IST" duration-ms="4885" status="PASS">
          <reporter-output>
          </reporter-output>
        </test-method> <!-- search02 -->
        <test-method is-config="true" signature="screenshot(org.testng.ITestResult)[pri:0, instance:Task1.Automationpractise.SearchTest@51891008]" started-at="2025-02-18T15:43:11 IST" name="screenshot" finished-at="2025-02-18T15:43:12 IST" duration-ms="1019" status="PASS">
          <params>
            <param index="0">
              <value>
                <![CDATA[[TestResult name=search02 status=SUCCESS method=SearchTest.search02()[pri:1, instance:Task1.Automationpractise.SearchTest@51891008] output={null}]]]>
              </value>
            </param>
          </params>
          <reporter-output>
          </reporter-output>
        </test-method> <!-- screenshot -->
        <test-method is-config="true" signature="websitesetup()[pri:0, instance:Task1.Automationpractise.SearchTest@51891008]" started-at="2025-02-18T15:43:12 IST" name="websitesetup" finished-at="2025-02-18T15:43:13 IST" duration-ms="691" status="PASS">
          <reporter-output>
          </reporter-output>
        </test-method> <!-- websitesetup -->
        <test-method signature="search03()[pri:2, instance:Task1.Automationpractise.SearchTest@51891008]" started-at="2025-02-18T15:43:13 IST" name="search03" description="search with color filter" finished-at="2025-02-18T15:43:18 IST" duration-ms="4975" status="PASS">
          <reporter-output>
          </reporter-output>
        </test-method> <!-- search03 -->
        <test-method is-config="true" signature="screenshot(org.testng.ITestResult)[pri:0, instance:Task1.Automationpractise.SearchTest@51891008]" started-at="2025-02-18T15:43:18 IST" name="screenshot" finished-at="2025-02-18T15:43:19 IST" duration-ms="877" status="PASS">
          <params>
            <param index="0">
              <value>
                <![CDATA[[TestResult name=search03 status=SUCCESS method=SearchTest.search03()[pri:2, instance:Task1.Automationpractise.SearchTest@51891008] output={null}]]]>
              </value>
            </param>
          </params>
          <reporter-output>
          </reporter-output>
        </test-method> <!-- screenshot -->
        <test-method is-config="true" signature="websitesetup()[pri:0, instance:Task1.Automationpractise.SearchTest@51891008]" started-at="2025-02-18T15:43:19 IST" name="websitesetup" finished-at="2025-02-18T15:43:20 IST" duration-ms="858" status="PASS">
          <reporter-output>
          </reporter-output>
        </test-method> <!-- websitesetup -->
        <test-method signature="search04()[pri:3, instance:Task1.Automationpractise.SearchTest@51891008]" started-at="2025-02-18T15:43:20 IST" name="search04" description="search with status" finished-at="2025-02-18T15:43:27 IST" duration-ms="7541" status="PASS">
          <reporter-output>
          </reporter-output>
        </test-method> <!-- search04 -->
        <test-method is-config="true" signature="screenshot(org.testng.ITestResult)[pri:0, instance:Task1.Automationpractise.SearchTest@51891008]" started-at="2025-02-18T15:43:27 IST" name="screenshot" finished-at="2025-02-18T15:43:27 IST" duration-ms="203" status="PASS">
          <params>
            <param index="0">
              <value>
                <![CDATA[[TestResult name=search04 status=SUCCESS method=SearchTest.search04()[pri:3, instance:Task1.Automationpractise.SearchTest@51891008] output={null}]]]>
              </value>
            </param>
          </params>
          <reporter-output>
          </reporter-output>
        </test-method> <!-- screenshot -->
        <test-method is-config="true" signature="websitesetup()[pri:0, instance:Task1.Automationpractise.SearchTest@51891008]" started-at="2025-02-18T15:43:27 IST" name="websitesetup" finished-at="2025-02-18T15:43:28 IST" duration-ms="860" status="PASS">
          <reporter-output>
          </reporter-output>
        </test-method> <!-- websitesetup -->
        <test-method signature="search05()[pri:4, instance:Task1.Automationpractise.SearchTest@51891008]" started-at="2025-02-18T15:43:28 IST" name="search05" description="search with wrong keyword" finished-at="2025-02-18T15:43:29 IST" duration-ms="1367" status="PASS">
          <reporter-output>
          </reporter-output>
        </test-method> <!-- search05 -->
        <test-method is-config="true" signature="screenshot(org.testng.ITestResult)[pri:0, instance:Task1.Automationpractise.SearchTest@51891008]" started-at="2025-02-18T15:43:29 IST" name="screenshot" finished-at="2025-02-18T15:43:30 IST" duration-ms="569" status="PASS">
          <params>
            <param index="0">
              <value>
                <![CDATA[[TestResult name=search05 status=SUCCESS method=SearchTest.search05()[pri:4, instance:Task1.Automationpractise.SearchTest@51891008] output={null}]]]>
              </value>
            </param>
          </params>
          <reporter-output>
          </reporter-output>
        </test-method> <!-- screenshot -->
        <test-method is-config="true" signature="driverclose()[pri:0, instance:Task1.Automationpractise.SearchTest@51891008]" started-at="2025-02-18T15:43:30 IST" name="driverclose" finished-at="2025-02-18T15:43:30 IST" duration-ms="328" status="PASS">
          <reporter-output>
          </reporter-output>
        </test-method> <!-- driverclose -->
      </class> <!-- Task1.Automationpractise.SearchTest -->
    </test> <!-- Default test -->
  </suite> <!-- Default suite -->
</testng-results>
